{
  "RSpec": {
    "coverage": {
      "/home/strooj/projekt ruby/quicksort.rb": [
        1,
        5,
        null,
        1,
        1,
        null,
        1,
        1,
        null,
        0,
        0,
        null,
        null,
        0,
        0,
        0,
        0,
        null,
        0,
        0,
        0,
        0,
        0,
        0,
        null,
        0,
        null,
        null,
        0,
        0,
        0,
        0,
        null,
        0,
        null,
        null,
        0,
        null,
        null,
        null,
        0,
        0,
        0,
        null,
        null,
        null
      ]
    },
    "timestamp": 1479321111
  }
}
