{
  "RSpec": {
    "coverage": {
      "/home/strooj/projekt ruby/lib/quicksort.rb": [
        1,
        27,
        null,
        6,
        2,
        null,
        6,
        1,
        null,
        5,
        3,
        null,
        null,
        2,
        2,
        2,
        2,
        null,
        2,
        5,
        4,
        1,
        1,
        1,
        null,
        3,
        null,
        null,
        1,
        1,
        1,
        1,
        null,
        0,
        null,
        null,
        0,
        null,
        null,
        null,
        2,
        2,
        2,
        null,
        null,
        null
      ]
    },
    "timestamp": 1480613575
  }
}
